TN:
SF:src/domain/entities/log.entity.ts
FN:21,LogEntity
FN:29,Object.<anonymous>.LogEntity.fromJson
FN:41,Object.<anonymous>.LogEntity.fromObject
FNF:3
FNH:1
FNDA:2,LogEntity
FNDA:0,Object.<anonymous>.LogEntity.fromJson
FNDA:0,Object.<anonymous>.LogEntity.fromObject
DA:1,1
DA:2,1
DA:3,1
DA:4,1
DA:5,1
DA:6,1
DA:7,1
DA:8,1
DA:9,1
DA:10,1
DA:11,1
DA:12,1
DA:13,1
DA:14,1
DA:15,1
DA:16,1
DA:17,1
DA:18,1
DA:19,1
DA:20,1
DA:21,1
DA:22,2
DA:23,2
DA:24,2
DA:25,2
DA:26,2
DA:27,2
DA:28,1
DA:29,1
DA:30,0
DA:31,0
DA:32,0
DA:33,0
DA:34,0
DA:35,0
DA:36,0
DA:37,0
DA:38,0
DA:39,0
DA:40,1
DA:41,1
DA:42,0
DA:43,0
DA:44,0
DA:45,0
DA:46,0
DA:47,0
DA:48,0
DA:49,0
DA:50,0
DA:51,0
DA:52,1
LF:52
LH:32
BRDA:2,0,0,1
BRDA:21,1,0,2
BRF:2
BRH:2
end_of_record
TN:
SF:src/domain/use-cases/checks/check-service.ts
FN:12,CheckService
FN:17,execute
FNF:2
FNH:2
FNDA:1,CheckService
FNDA:2,execute
DA:1,1
DA:2,1
DA:3,1
DA:4,1
DA:5,1
DA:6,1
DA:7,1
DA:8,1
DA:9,1
DA:10,1
DA:11,1
DA:12,1
DA:13,1
DA:14,1
DA:15,1
DA:16,1
DA:17,1
DA:18,2
DA:19,2
DA:20,2
DA:21,1
DA:22,1
DA:23,1
DA:24,1
DA:25,1
DA:26,1
DA:27,1
DA:28,1
DA:29,1
DA:30,1
DA:31,1
DA:32,1
DA:33,1
DA:34,1
DA:35,1
DA:36,1
DA:37,1
DA:38,1
DA:39,1
DA:40,1
DA:41,1
DA:42,2
DA:43,1
LF:43
LH:43
BRDA:12,0,0,1
BRDA:17,1,0,2
BRDA:20,2,0,1
BRDA:20,3,0,0
BRDA:21,4,0,1
BRF:5
BRH:4
end_of_record
